<?xml version="1.0" encoding="UTF-8"?>
<!-- Generated by org.testng.reporters.JUnitReportReporter -->
<testsuite skipped="0" hostname="DESKTOP-O8U8L7I" name="rspleyto.testautomation.tests.WidgetCityTest" tests="1" failures="0" timestamp="03 Sep 2017 12:13:14 GMT" time="29.940" errors="0">
  <testcase name="hoverOnFieldTest" time="29.940" classname="rspleyto.testautomation.tests.WidgetCityTest"/>
</testsuite> <!-- rspleyto.testautomation.tests.WidgetCityTest -->
