<?xml version="1.0" encoding="UTF-8"?>
<!-- Generated by org.testng.reporters.JUnitReportReporter -->
<testsuite skipped="0" hostname="DESKTOP-O8U8L7I" name="rspleyto.testautomation.tests.BeforeAndAfterCallOrderTest" tests="2" failures="0" timestamp="25 Aug 2017 10:06:03 GMT" time="0.011" errors="0">
  <testcase name="dummyTest2" time="0.004" classname="rspleyto.testautomation.tests.BeforeAndAfterCallOrderTest"/>
  <testcase name="dummyTest" time="0.007" classname="rspleyto.testautomation.tests.BeforeAndAfterCallOrderTest"/>
</testsuite> <!-- rspleyto.testautomation.tests.BeforeAndAfterCallOrderTest -->
